<?xml version="1.0" encoding="UTF-8"?>
<!-- Generated by org.testng.reporters.JUnitReportReporter -->
<testsuite hostname="irfan-MacBook-Air.local" failures="0" tests="1" name="com.neotech.lesson01.TestNGMoreAnnotations" time="0.002" errors="0" timestamp="2025-02-03T00:34:56 TRT" skipped="0">
  <testcase classname="com.neotech.lesson01.TestNGMoreAnnotations" name="testTwo" time="0.002"/>
  <system-out/>
</testsuite> <!-- com.neotech.lesson01.TestNGMoreAnnotations -->
