<?xml version="1.0" encoding="UTF-8"?>
<!-- Generated by org.testng.reporters.JUnitReportReporter -->
<testsuite hostname="irfan-MacBook-Air.local" failures="0" tests="3" name="com.neotech.lesson01.TestNGAnnotations" time="0.043" errors="0" timestamp="2025-05-16T20:15:57 TRT" skipped="0">
  <testcase classname="com.neotech.lesson01.TestNGAnnotations" name="test2" time="0.008"/>
  <testcase classname="com.neotech.lesson01.TestNGAnnotations" name="test1" time="0.032"/>
  <testcase classname="com.neotech.lesson01.TestNGAnnotations" name="test3" time="0.003"/>
</testsuite> <!-- com.neotech.lesson01.TestNGAnnotations -->
