<?xml version="1.0" encoding="UTF-8"?>
<!-- Generated by org.testng.reporters.JUnitReportReporter -->
<testsuite hostname="irfan-MacBook-Air.local" failures="0" tests="3" name="com.neotech.lesson03.DataProviderDemo" time="50.988" errors="0" timestamp="2025-02-03T20:59:56 TRT" skipped="0">
  <testcase classname="com.neotech.lesson03.DataProviderDemo" name="loginFunctionality" time="17.745"/>
  <system-out/>
  <testcase classname="com.neotech.lesson03.DataProviderDemo" name="loginFunctionality" time="17.140"/>
  <system-out/>
  <testcase classname="com.neotech.lesson03.DataProviderDemo" name="loginFunctionality" time="16.103"/>
  <system-out/>
</testsuite> <!-- com.neotech.lesson03.DataProviderDemo -->
