<?xml version="1.0" encoding="UTF-8"?>
<!-- Generated by org.testng.reporters.JUnitReportReporter -->
<testsuite hostname="irfan-MacBook-Air.local" failures="0" tests="5" name="com.neotech.lesson02.Hw1" time="0.040" errors="0" timestamp="2025-02-02T22:15:31 TRT" skipped="1">
  <testcase classname="com.neotech.lesson02.Hw1" name="fourthMethod" time="0.025"/>
  <system-out/>
  <testcase classname="com.neotech.lesson02.Hw1" name="thirdMethod" time="0.002"/>
  <system-out/>
  <testcase classname="com.neotech.lesson02.Hw1" name="secondMethod" time="0.011"/>
  <system-out/>
  <testcase classname="com.neotech.lesson02.Hw1" name="firstMethod" time="0.002"/>
  <system-out/>
  <testcase classname="com.neotech.lesson02.Hw1" name="firstMethod1">
    <skipped/>
  </testcase> <!-- firstMethod1 -->
  <system-out/>
</testsuite> <!-- com.neotech.lesson02.Hw1 -->
