<?xml version="1.0" encoding="UTF-8"?>
<!-- Generated by org.testng.reporters.JUnitReportReporter -->
<testsuite hostname="irfan-MacBook-Air.local" failures="0" tests="1" name="com.neotech.lesson02.SoftAssertDemo" time="62.997" errors="0" timestamp="2025-02-14T19:45:54 TRT" skipped="0">
  <testcase classname="com.neotech.lesson02.SoftAssertDemo" name="logoAndLoginValidation" time="62.997"/>
  <system-out/>
</testsuite> <!-- com.neotech.lesson02.SoftAssertDemo -->
