<?xml version="1.0" encoding="UTF-8"?>
<!-- Generated by org.testng.reporters.JUnitReportReporter -->
<testsuite hostname="irfan-MacBook-Air.local" failures="0" tests="1" name="com.neotech.lesson01.TestNGDemo" time="0.022" errors="0" timestamp="2025-02-03T00:34:56 TRT" skipped="0">
  <testcase classname="com.neotech.lesson01.TestNGDemo" name="testOne" time="0.022"/>
  <system-out/>
</testsuite> <!-- com.neotech.lesson01.TestNGDemo -->
