<?xml version="1.0" encoding="UTF-8"?>
<!-- Generated by org.testng.reporters.JUnitReportReporter -->
<testsuite hostname="irfan-MacBook-Air.local" failures="0" tests="3" name="com.neotech.lesson02.AddEmployee" time="0.031" errors="0" timestamp="2025-02-14T19:12:56 TRT" skipped="0">
  <testcase classname="com.neotech.lesson02.AddEmployee" name="test2" time="0.024"/>
  <system-out/>
  <testcase classname="com.neotech.lesson02.AddEmployee" name="test3" time="0.003"/>
  <system-out/>
  <testcase classname="com.neotech.lesson02.AddEmployee" name="test5" time="0.004"/>
  <system-out/>
</testsuite> <!-- com.neotech.lesson02.AddEmployee -->
