<?xml version="1.0" encoding="UTF-8"?>
<!-- Generated by org.testng.reporters.JUnitReportReporter -->
<testsuite hostname="irfan-MacBook-Air.local" failures="0" tests="2" name="com.neotech.lesson03.GroupsDemo" time="0.014" errors="0" timestamp="2025-02-03T00:34:56 TRT" skipped="0">
  <testcase classname="com.neotech.lesson03.GroupsDemo" name="test2" time="0.009"/>
  <system-out/>
  <testcase classname="com.neotech.lesson03.GroupsDemo" name="test1" time="0.005"/>
  <system-out/>
</testsuite> <!-- com.neotech.lesson03.GroupsDemo -->
