<?xml version="1.0" encoding="UTF-8"?>
<!-- Generated by org.testng.reporters.JUnitReportReporter -->
<testsuite hostname="irfan-MacBook-Air.local" failures="0" tests="4" name="com.neotech.lesson02.EnableAndDisable" time="0.010" errors="0" timestamp="2025-02-01T23:16:19 TRT" skipped="1">
  <testcase classname="com.neotech.lesson02.EnableAndDisable" name="firstTest" time="0.003"/>
  <system-out/>
  <testcase classname="com.neotech.lesson02.EnableAndDisable" name="secondTest" time="0.003"/>
  <system-out/>
  <testcase classname="com.neotech.lesson02.EnableAndDisable" name="forthTest" time="0.004"/>
  <system-out/>
  <testcase classname="com.neotech.lesson02.EnableAndDisable" name="thirdTest">
    <skipped/>
  </testcase> <!-- thirdTest -->
  <system-out/>
</testsuite> <!-- com.neotech.lesson02.EnableAndDisable -->
